<?xml version="1.0" encoding="UTF-8"?>
<!-- Generated by org.testng.reporters.JUnitXMLReporter -->
<testsuite ignored="0" hostname="DESKTOP-O28EHK6" failures="0" tests="1" name="Default test" time="0.051" errors="0" timestamp="2022-05-09T21:38:24 EDT">
  <testcase classname="base.baseClass" name="@BeforeClass StartBrowser" time="-1.652146703973E9">
    <failure type="org.testng.TestNGException" message="
Parameter &amp;apos;browser&amp;apos; is required by BeforeClass on method StartBrowser but has not been marked @Optional or defined
in C:\Users\saifb\AppData\Local\Temp\testng-eclipse-514070573\testng-customsuite.xml">
      <![CDATA[org.testng.TestNGException: 
Parameter 'browser' is required by BeforeClass on method StartBrowser but has not been marked @Optional or defined
in C:\Users\saifb\AppData\Local\Temp\testng-eclipse-514070573\testng-customsuite.xml
at org.testng.internal.Parameters.createParams(Parameters.java:289)
at org.testng.internal.Parameters.createParametersForMethod(Parameters.java:377)
at org.testng.internal.Parameters.createParameters(Parameters.java:721)
at org.testng.internal.Parameters.createConfigurationParameters(Parameters.java:164)
at org.testng.internal.ConfigInvoker.invokeConfigurations(ConfigInvoker.java:275)
at org.testng.internal.TestMethodWorker.invokeBeforeClassMethods(TestMethodWorker.java:176)
at org.testng.internal.TestMethodWorker.run(TestMethodWorker.java:122)
at java.base/java.util.ArrayList.forEach(ArrayList.java:1511)
at org.testng.TestRunner.privateRun(TestRunner.java:770)
at org.testng.TestRunner.run(TestRunner.java:591)
at org.testng.SuiteRunner.runTest(SuiteRunner.java:402)
at org.testng.SuiteRunner.runSequentially(SuiteRunner.java:396)
at org.testng.SuiteRunner.privateRun(SuiteRunner.java:355)
at org.testng.SuiteRunner.run(SuiteRunner.java:304)
at org.testng.SuiteRunnerWorker.runSuite(SuiteRunnerWorker.java:53)
at org.testng.SuiteRunnerWorker.run(SuiteRunnerWorker.java:96)
at org.testng.TestNG.runSuitesSequentially(TestNG.java:1180)
at org.testng.TestNG.runSuitesLocally(TestNG.java:1102)
at org.testng.TestNG.runSuites(TestNG.java:1032)
at org.testng.TestNG.run(TestNG.java:1000)
at org.testng.remote.AbstractRemoteTestNG.run(AbstractRemoteTestNG.java:115)
at org.testng.remote.RemoteTestNG.initAndRun(RemoteTestNG.java:251)
at org.testng.remote.RemoteTestNG.main(RemoteTestNG.java:77)
]]>
    </failure>
  </testcase> <!-- @BeforeClass StartBrowser -->
  <testcase classname="testcases.RequestDemoTest" name="@BeforeClass beforeTest" time="-1.652146703983E9">
    <skipped/>
  </testcase> <!-- @BeforeClass beforeTest -->
  <testcase classname="base.baseClass" name="@AfterTest closeSession" time="-1.652146704006E9">
    <skipped/>
  </testcase> <!-- @AfterTest closeSession -->
  <testcase classname="testcases.RequestDemoTest" name="validateRequestDemo" time="0.0">
    <skipped/>
  </testcase> <!-- validateRequestDemo -->
</testsuite> <!-- Default test -->
